\BOOKMARK [1][-]{section*.1}{\376\377\000=\000C\000o\000m\000p\000l\000e\000x\000\040\000N\000u\000m\000b\000e\000r\000s}{}% 1
\BOOKMARK [2][-]{subsection*.2}{\376\377\000\040\000=\000B\000a\000s\000i\000c\000s\000\040}{section*.1}% 2
\BOOKMARK [2][-]{subsection*.3}{\376\377\000\040\000=\000O\000p\000e\000r\000a\000t\000i\000o\000n\000s\000\040}{section*.1}% 3
\BOOKMARK [2][-]{subsection*.4}{\376\377\000\040\000=\000P\000o\000l\000y\000n\000o\000m\000i\000a\000l\000s\000\040}{section*.1}% 4
\BOOKMARK [1][-]{section*.5}{\376\377\000=\000S\000L\000E}{}% 5
\BOOKMARK [2][-]{subsection*.6}{\376\377\000\040\000=\000G\000a\000u\000s\000s\000\040\000A\000l\000g\000o\000r\000i\000t\000h\000m\000\040}{section*.5}% 6
\BOOKMARK [1][-]{section*.7}{\376\377\000=\000M\000a\000t\000r\000i\000c\000e\000s\000\040\000a\000n\000d\000\040\000V\000e\000c\000t\000o\000r\000s}{}% 7
\BOOKMARK [2][-]{subsection*.8}{\376\377\000\040\000=\000D\000e\000f\000i\000n\000i\000t\000i\000o\000n\000s\000\040}{section*.7}% 8
\BOOKMARK [2][-]{subsection*.9}{\376\377\000\040\000=\000S\000c\000a\000l\000a\000r\000p\000r\000o\000d\000u\000c\000t\000\040\000a\000n\000d\000\040\000N\000o\000r\000m\000\040}{section*.7}% 9
\BOOKMARK [2][-]{subsection*.10}{\376\377\000\040\000=\000O\000u\000t\000e\000r\000\040\000P\000r\000o\000d\000u\000c\000t\000\040\000a\000n\000d\000\040\000P\000r\000o\000j\000e\000c\000t\000i\000o\000n\000s\000\040}{section*.7}% 10
\BOOKMARK [2][-]{subsection*.11}{\376\377\000\040\000=\000I\000n\000v\000e\000r\000s\000e\000\040}{section*.7}% 11
\BOOKMARK [2][-]{subsection*.12}{\376\377\000\040\000=\000O\000r\000t\000h\000o\000g\000o\000n\000a\000l\000\040\000a\000n\000d\000\040\000u\000n\000i\000t\000a\000r\000y\000\040\000m\000a\000t\000r\000i\000c\000e\000s\000\040}{section*.7}% 12
\BOOKMARK [1][-]{section*.13}{\376\377\000=\000L\000U\000-\000D\000e\000c\000o\000m\000p\000o\000s\000i\000t\000i\000o\000n}{}% 13
\BOOKMARK [1][-]{section*.14}{\376\377\000=\000V\000e\000c\000t\000o\000r\000s\000p\000a\000c\000e\000s}{}% 14
\BOOKMARK [2][-]{subsection*.15}{\376\377\000\040\000=\000S\000u\000b\000s\000p\000a\000c\000e\000\040}{section*.14}% 15
\BOOKMARK [2][-]{subsection*.16}{\376\377\000\040\000=\000L\000i\000n\000e\000a\000r\000\040\000d\000e\000p\000e\000n\000d\000e\000n\000c\000y\000,\000\040\000b\000a\000s\000i\000s\000,\000\040\000d\000i\000m\000e\000n\000s\000i\000o\000n\000s\000\040}{section*.14}% 16
\BOOKMARK [1][-]{section*.17}{\376\377\000=\000L\000i\000n\000e\000a\000r\000\040\000M\000a\000p\000s}{}% 17
\BOOKMARK [2][-]{subsection*.18}{\376\377\000\040\000=\000D\000e\000f\000i\000n\000i\000t\000i\000o\000n\000s\000\040}{section*.17}% 18
\BOOKMARK [2][-]{subsection*.19}{\376\377\000\040\000=\000M\000a\000t\000r\000i\000x\000\040\000r\000e\000p\000r\000e\000s\000e\000n\000t\000a\000t\000i\000o\000n\000\040}{section*.17}% 19
\BOOKMARK [2][-]{subsection*.20}{\376\377\000\040\000=\000K\000e\000r\000n\000e\000l\000,\000\040\000I\000m\000a\000g\000e\000\040\000a\000n\000d\000\040\000R\000a\000n\000k\000\040}{section*.17}% 20
\BOOKMARK [2][-]{subsection*.21}{\376\377\000\040\000=\000M\000a\000t\000r\000i\000c\000e\000s\000\040\000a\000s\000\040\000l\000i\000n\000e\000a\000r\000\040\000m\000a\000p\000p\000i\000n\000g\000\040}{section*.17}% 21
\BOOKMARK [1][-]{section*.22}{\376\377\000=\000V\000e\000c\000t\000o\000r\000\040\000s\000p\000a\000c\000e\000s\000\040\000w\000i\000t\000h\000\040\000s\000c\000a\000l\000a\000r\000\040\000p\000r\000o\000d\000u\000c\000t\000s}{}% 22
\BOOKMARK [2][-]{subsection*.23}{\376\377\000\040\000=\000D\000e\000f\000i\000n\000i\000t\000i\000o\000n\000s\000\040}{section*.22}% 23
\BOOKMARK [2][-]{subsection*.24}{\376\377\000\040\000=\000C\000h\000a\000n\000g\000e\000\040\000o\000f\000\040\000B\000a\000s\000i\000s\000\040}{section*.22}% 24
\BOOKMARK [2][-]{subsection*.25}{\376\377\000\040\000=\000u\000n\000i\000t\000a\000r\000y\000/\000o\000r\000t\000h\000o\000g\000o\000n\000a\000l\000\040\000m\000a\000p\000p\000i\000n\000g\000\040}{section*.22}% 25
\BOOKMARK [1][-]{section*.26}{\376\377\000=\000L\000e\000a\000s\000t\000\040\000S\000q\000u\000a\000r\000e\000s}{}% 26
\BOOKMARK [1][-]{section*.27}{\376\377\000=\000D\000e\000t\000e\000r\000m\000i\000n\000a\000n\000t\000s}{}% 27
\BOOKMARK [1][-]{section*.28}{\376\377\000=\000E\000i\000g\000e\000n\000v\000a\000l\000u\000e\000s\000\040\000a\000n\000d\000\040\000-\000v\000e\000c\000t\000o\000r\000s}{}% 28
\BOOKMARK [1][-]{section*.29}{\376\377\000=\000D\000e\000c\000o\000m\000p\000o\000s\000i\000t\000i\000o\000n\000s}{}% 29
\BOOKMARK [2][-]{subsection*.30}{\376\377\000\040\000=\000S\000p\000e\000c\000t\000r\000a\000l\000-\000/\000E\000i\000g\000e\000n\000v\000a\000l\000u\000e\000d\000e\000c\000o\000m\000p\000o\000s\000i\000t\000i\000o\000n\000\040}{section*.29}% 30
\BOOKMARK [2][-]{subsection*.31}{\376\377\000\040\000=\000S\000i\000n\000g\000u\000l\000a\000r\000v\000a\000l\000u\000e\000d\000e\000c\000o\000m\000p\000o\000s\000i\000t\000i\000o\000n\000\040}{section*.29}% 31
\BOOKMARK [2][-]{subsection*.32}{\376\377\000\040\000=\000Q\000R\000-\000D\000e\000c\000o\000m\000p\000o\000s\000i\000t\000i\000o\000n\000\040}{section*.29}% 32
\BOOKMARK [1][-]{section*.33}{\376\377\000=\000D\000e\000f\000i\000n\000i\000t\000i\000o\000n\000s}{}% 33
\BOOKMARK [1][-]{section*.34}{\376\377\000=\000M\000u\000l\000t\000i\000p\000l\000e\000\040\000C\000h\000o\000i\000c\000e}{}% 34
\BOOKMARK [1][-]{section*.35}{\376\377\000=\000P\000r\000o\000o\000f\000s}{}% 35
